<?xml version="1.0" encoding="UTF-8"?>
<!-- Generated by org.testng.reporters.JUnitReportReporter -->
<testsuite skipped="0" hostname="DESKTOP-AMSG348" name="org.techAltum.testRunner.TestRunner" tests="2" failures="0" timestamp="13 Dec 2019 01:26:54 GMT" time="40.695" errors="0">
  <testcase name="feature" time="23.508" classname="org.techAltum.testRunner.TestRunner"/>
  <testcase name="feature" time="17.187" classname="org.techAltum.testRunner.TestRunner"/>
</testsuite> <!-- org.techAltum.testRunner.TestRunner -->
