<?xml version="1.0" encoding="UTF-8"?>
<!-- Generated by org.testng.reporters.JUnitReportReporter -->
<testsuite skipped="0" hostname="DESKTOP-AMSG348" name="org.techAltum.testRunner.TestRunner" tests="2" failures="0" timestamp="13 Dec 2019 00:20:07 GMT" time="20.716" errors="0">
  <testcase name="feature" time="10.721" classname="org.techAltum.testRunner.TestRunner"/>
  <testcase name="feature" time="9.995" classname="org.techAltum.testRunner.TestRunner"/>
</testsuite> <!-- org.techAltum.testRunner.TestRunner -->
